[2017-03-18 08:32:15] local.ERROR: ReflectionException: Method App\Http\Controllers\HomeController::minor() does not exist in /Users/subydev/Webdev/Sites/edynos/vendor/laravel/framework/src/Illuminate/Routing/Route.php:333
Stack trace:
#0 /Users/subydev/Webdev/Sites/edynos/vendor/laravel/framework/src/Illuminate/Routing/Route.php(333): ReflectionMethod->__construct('App\\Http\\Contro...', 'minor')
#1 /Users/subydev/Webdev/Sites/edynos/vendor/laravel/framework/src/Illuminate/Routing/Router.php(800): Illuminate\Routing\Route->signatureParameters('Illuminate\\Data...')
#2 /Users/subydev/Webdev/Sites/edynos/vendor/laravel/framework/src/Illuminate/Routing/Middleware/SubstituteBindings.php(39): Illuminate\Routing\Router->substituteImplicitBindings(Object(Illuminate\Routing\Route))
#3 /Users/subydev/Webdev/Sites/edynos/vendor/laravel/framework/src/Illuminate/Pipeline/Pipeline.php(137): Illuminate\Routing\Middleware\SubstituteBindings->handle(Object(Illuminate\Http\Request), Object(Closure))
#4 /Users/subydev/Webdev/Sites/edynos/vendor/laravel/framework/src/Illuminate/Routing/Pipeline.php(33): Illuminate\Pipeline\Pipeline->Illuminate\Pipeline\{closure}(Object(Illuminate\Http\Request))
#5 /Users/subydev/Webdev/Sites/edynos/vendor/laravel/framework/src/Illuminate/Auth/Middleware/Authenticate.php(43): Illuminate\Routing\Pipeline->Illuminate\Routing\{closure}(Object(Illuminate\Http\Request))
#6 /Users/subydev/Webdev/Sites/edynos/vendor/laravel/framework/src/Illuminate/Pipeline/Pipeline.php(137): Illuminate\Auth\Middleware\Authenticate->handle(Object(Illuminate\Http\Request), Object(Closure))
#7 /Users/subydev/Webdev/Sites/edynos/vendor/laravel/framework/src/Illuminate/Routing/Pipeline.php(33): Illuminate\Pipeline\Pipeline->Illuminate\Pipeline\{closure}(Object(Illuminate\Http\Request))
#8 /Users/subydev/Webdev/Sites/edynos/vendor/laravel/framework/src/Illuminate/Foundation/Http/Middleware/VerifyCsrfToken.php(65): Illuminate\Routing\Pipeline->Illuminate\Routing\{closure}(Object(Illuminate\Http\Request))
#9 /Users/subydev/Webdev/Sites/edynos/vendor/laravel/framework/src/Illuminate/Pipeline/Pipeline.php(137): Illuminate\Foundation\Http\Middleware\VerifyCsrfToken->handle(Object(Illuminate\Http\Request), Object(Closure))
#10 /Users/subydev/Webdev/Sites/edynos/vendor/laravel/framework/src/Illuminate/Routing/Pipeline.php(33): Illuminate\Pipeline\Pipeline->Illuminate\Pipeline\{closure}(Object(Illuminate\Http\Request))
#11 /Users/subydev/Webdev/Sites/edynos/vendor/laravel/framework/src/Illuminate/View/Middleware/ShareErrorsFromSession.php(49): Illuminate\Routing\Pipeline->Illuminate\Routing\{closure}(Object(Illuminate\Http\Request))
#12 /Users/subydev/Webdev/Sites/edynos/vendor/laravel/framework/src/Illuminate/Pipeline/Pipeline.php(137): Illuminate\View\Middleware\ShareErrorsFromSession->handle(Object(Illuminate\Http\Request), Object(Closure))
#13 /Users/subydev/Webdev/Sites/edynos/vendor/laravel/framework/src/Illuminate/Routing/Pipeline.php(33): Illuminate\Pipeline\Pipeline->Illuminate\Pipeline\{closure}(Object(Illuminate\Http\Request))
#14 /Users/subydev/Webdev/Sites/edynos/vendor/laravel/framework/src/Illuminate/Session/Middleware/StartSession.php(64): Illuminate\Routing\Pipeline->Illuminate\Routing\{closure}(Object(Illuminate\Http\Request))
#15 /Users/subydev/Webdev/Sites/edynos/vendor/laravel/framework/src/Illuminate/Pipeline/Pipeline.php(137): Illuminate\Session\Middleware\StartSession->handle(Object(Illuminate\Http\Request), Object(Closure))
#16 /Users/subydev/Webdev/Sites/edynos/vendor/laravel/framework/src/Illuminate/Routing/Pipeline.php(33): Illuminate\Pipeline\Pipeline->Illuminate\Pipeline\{closure}(Object(Illuminate\Http\Request))
#17 /Users/subydev/Webdev/Sites/edynos/vendor/laravel/framework/src/Illuminate/Cookie/Middleware/AddQueuedCookiesToResponse.php(37): Illuminate\Routing\Pipeline->Illuminate\Routing\{closure}(Object(Illuminate\Http\Request))
#18 /Users/subydev/Webdev/Sites/edynos/vendor/laravel/framework/src/Illuminate/Pipeline/Pipeline.php(137): Illuminate\Cookie\Middleware\AddQueuedCookiesToResponse->handle(Object(Illuminate\Http\Request), Object(Closure))
#19 /Users/subydev/Webdev/Sites/edynos/vendor/laravel/framework/src/Illuminate/Routing/Pipeline.php(33): Illuminate\Pipeline\Pipeline->Illuminate\Pipeline\{closure}(Object(Illuminate\Http\Request))
#20 /Users/subydev/Webdev/Sites/edynos/vendor/laravel/framework/src/Illuminate/Cookie/Middleware/EncryptCookies.php(59): Illuminate\Routing\Pipeline->Illuminate\Routing\{closure}(Object(Illuminate\Http\Request))
#21 /Users/subydev/Webdev/Sites/edynos/vendor/laravel/framework/src/Illuminate/Pipeline/Pipeline.php(137): Illuminate\Cookie\Middleware\EncryptCookies->handle(Object(Illuminate\Http\Request), Object(Closure))
#22 /Users/subydev/Webdev/Sites/edynos/vendor/laravel/framework/src/Illuminate/Routing/Pipeline.php(33): Illuminate\Pipeline\Pipeline->Illuminate\Pipeline\{closure}(Object(Illuminate\Http\Request))
#23 /Users/subydev/Webdev/Sites/edynos/vendor/laravel/framework/src/Illuminate/Pipeline/Pipeline.php(104): Illuminate\Routing\Pipeline->Illuminate\Routing\{closure}(Object(Illuminate\Http\Request))
#24 /Users/subydev/Webdev/Sites/edynos/vendor/laravel/framework/src/Illuminate/Routing/Router.php(655): Illuminate\Pipeline\Pipeline->then(Object(Closure))
#25 /Users/subydev/Webdev/Sites/edynos/vendor/laravel/framework/src/Illuminate/Routing/Router.php(629): Illuminate\Routing\Router->runRouteWithinStack(Object(Illuminate\Routing\Route), Object(Illuminate\Http\Request))
#26 /Users/subydev/Webdev/Sites/edynos/vendor/laravel/framework/src/Illuminate/Routing/Router.php(607): Illuminate\Routing\Router->dispatchToRoute(Object(Illuminate\Http\Request))
#27 /Users/subydev/Webdev/Sites/edynos/vendor/laravel/framework/src/Illuminate/Foundation/Http/Kernel.php(268): Illuminate\Routing\Router->dispatch(Object(Illuminate\Http\Request))
#28 /Users/subydev/Webdev/Sites/edynos/vendor/laravel/framework/src/Illuminate/Routing/Pipeline.php(53): Illuminate\Foundation\Http\Kernel->Illuminate\Foundation\Http\{closure}(Object(Illuminate\Http\Request))
#29 /Users/subydev/Webdev/Sites/edynos/vendor/laravel/framework/src/Illuminate/Foundation/Http/Middleware/CheckForMaintenanceMode.php(46): Illuminate\Routing\Pipeline->Illuminate\Routing\{closure}(Object(Illuminate\Http\Request))
#30 /Users/subydev/Webdev/Sites/edynos/vendor/laravel/framework/src/Illuminate/Pipeline/Pipeline.php(137): Illuminate\Foundation\Http\Middleware\CheckForMaintenanceMode->handle(Object(Illuminate\Http\Request), Object(Closure))
#31 /Users/subydev/Webdev/Sites/edynos/vendor/laravel/framework/src/Illuminate/Routing/Pipeline.php(33): Illuminate\Pipeline\Pipeline->Illuminate\Pipeline\{closure}(Object(Illuminate\Http\Request))
#32 /Users/subydev/Webdev/Sites/edynos/vendor/laravel/framework/src/Illuminate/Pipeline/Pipeline.php(104): Illuminate\Routing\Pipeline->Illuminate\Routing\{closure}(Object(Illuminate\Http\Request))
#33 /Users/subydev/Webdev/Sites/edynos/vendor/laravel/framework/src/Illuminate/Foundation/Http/Kernel.php(150): Illuminate\Pipeline\Pipeline->then(Object(Closure))
#34 /Users/subydev/Webdev/Sites/edynos/vendor/laravel/framework/src/Illuminate/Foundation/Http/Kernel.php(117): Illuminate\Foundation\Http\Kernel->sendRequestThroughRouter(Object(Illuminate\Http\Request))
#35 /Users/subydev/Webdev/Sites/edynos/public/index.php(53): Illuminate\Foundation\Http\Kernel->handle(Object(Illuminate\Http\Request))
#36 /Users/subydev/.composer/vendor/laravel/valet/server.php(133): require('/Users/subydev/...')
#37 {main}  
[2017-03-18 08:39:35] local.ERROR: InvalidArgumentException: View [auth.app] not found. in /Users/subydev/Webdev/Sites/edynos/vendor/laravel/framework/src/Illuminate/View/FileViewFinder.php:137
Stack trace:
#0 /Users/subydev/Webdev/Sites/edynos/vendor/laravel/framework/src/Illuminate/View/FileViewFinder.php(79): Illuminate\View\FileViewFinder->findInPaths('auth.app', Array)
#1 /Users/subydev/Webdev/Sites/edynos/vendor/laravel/framework/src/Illuminate/View/Factory.php(174): Illuminate\View\FileViewFinder->find('auth.app')
#2 /Users/subydev/Webdev/Sites/edynos/storage/framework/views/64ed41727396bdbee8b782343eee5241a1249536.php(69): Illuminate\View\Factory->make('auth.app', Array)
#3 /Users/subydev/Webdev/Sites/edynos/vendor/laravel/framework/src/Illuminate/View/Engines/PhpEngine.php(42): include('/Users/subydev/...')
#4 /Users/subydev/Webdev/Sites/edynos/vendor/laravel/framework/src/Illuminate/View/Engines/CompilerEngine.php(59): Illuminate\View\Engines\PhpEngine->evaluatePath('/Users/subydev/...', Array)
#5 /Users/subydev/Webdev/Sites/edynos/vendor/laravel/framework/src/Illuminate/View/View.php(149): Illuminate\View\Engines\CompilerEngine->get('/Users/subydev/...', Array)
#6 /Users/subydev/Webdev/Sites/edynos/vendor/laravel/framework/src/Illuminate/View/View.php(120): Illuminate\View\View->getContents()
#7 /Users/subydev/Webdev/Sites/edynos/vendor/laravel/framework/src/Illuminate/View/View.php(85): Illuminate\View\View->renderContents()
#8 /Users/subydev/Webdev/Sites/edynos/vendor/laravel/framework/src/Illuminate/Http/Response.php(45): Illuminate\View\View->render()
#9 /Users/subydev/Webdev/Sites/edynos/vendor/symfony/http-foundation/Response.php(201): Illuminate\Http\Response->setContent(Object(Illuminate\View\View))
#10 /Users/subydev/Webdev/Sites/edynos/vendor/laravel/framework/src/Illuminate/Routing/Router.php(1028): Symfony\Component\HttpFoundation\Response->__construct(Object(Illuminate\View\View))
#11 /Users/subydev/Webdev/Sites/edynos/vendor/laravel/framework/src/Illuminate/Routing/Router.php(653): Illuminate\Routing\Router->prepareResponse(Object(Illuminate\Http\Request), Object(Illuminate\View\View))
#12 /Users/subydev/Webdev/Sites/edynos/vendor/laravel/framework/src/Illuminate/Routing/Pipeline.php(53): Illuminate\Routing\Router->Illuminate\Routing\{closure}(Object(Illuminate\Http\Request))
#13 /Users/subydev/Webdev/Sites/edynos/app/Http/Middleware/RedirectIfAuthenticated.php(24): Illuminate\Routing\Pipeline->Illuminate\Routing\{closure}(Object(Illuminate\Http\Request))
#14 /Users/subydev/Webdev/Sites/edynos/vendor/laravel/framework/src/Illuminate/Pipeline/Pipeline.php(137): App\Http\Middleware\RedirectIfAuthenticated->handle(Object(Illuminate\Http\Request), Object(Closure))
#15 /Users/subydev/Webdev/Sites/edynos/vendor/laravel/framework/src/Illuminate/Routing/Pipeline.php(33): Illuminate\Pipeline\Pipeline->Illuminate\Pipeline\{closure}(Object(Illuminate\Http\Request))
#16 /Users/subydev/Webdev/Sites/edynos/vendor/laravel/framework/src/Illuminate/Routing/Middleware/SubstituteBindings.php(41): Illuminate\Routing\Pipeline->Illuminate\Routing\{closure}(Object(Illuminate\Http\Request))
#17 /Users/subydev/Webdev/Sites/edynos/vendor/laravel/framework/src/Illuminate/Pipeline/Pipeline.php(137): Illuminate\Routing\Middleware\SubstituteBindings->handle(Object(Illuminate\Http\Request), Object(Closure))
#18 /Users/subydev/Webdev/Sites/edynos/vendor/laravel/framework/src/Illuminate/Routing/Pipeline.php(33): Illuminate\Pipeline\Pipeline->Illuminate\Pipeline\{closure}(Object(Illuminate\Http\Request))
#19 /Users/subydev/Webdev/Sites/edynos/vendor/laravel/framework/src/Illuminate/Foundation/Http/Middleware/VerifyCsrfToken.php(65): Illuminate\Routing\Pipeline->Illuminate\Routing\{closure}(Object(Illuminate\Http\Request))
#20 /Users/subydev/Webdev/Sites/edynos/vendor/laravel/framework/src/Illuminate/Pipeline/Pipeline.php(137): Illuminate\Foundation\Http\Middleware\VerifyCsrfToken->handle(Object(Illuminate\Http\Request), Object(Closure))
#21 /Users/subydev/Webdev/Sites/edynos/vendor/laravel/framework/src/Illuminate/Routing/Pipeline.php(33): Illuminate\Pipeline\Pipeline->Illuminate\Pipeline\{closure}(Object(Illuminate\Http\Request))
#22 /Users/subydev/Webdev/Sites/edynos/vendor/laravel/framework/src/Illuminate/View/Middleware/ShareErrorsFromSession.php(49): Illuminate\Routing\Pipeline->Illuminate\Routing\{closure}(Object(Illuminate\Http\Request))
#23 /Users/subydev/Webdev/Sites/edynos/vendor/laravel/framework/src/Illuminate/Pipeline/Pipeline.php(137): Illuminate\View\Middleware\ShareErrorsFromSession->handle(Object(Illuminate\Http\Request), Object(Closure))
#24 /Users/subydev/Webdev/Sites/edynos/vendor/laravel/framework/src/Illuminate/Routing/Pipeline.php(33): Illuminate\Pipeline\Pipeline->Illuminate\Pipeline\{closure}(Object(Illuminate\Http\Request))
#25 /Users/subydev/Webdev/Sites/edynos/vendor/laravel/framework/src/Illuminate/Session/Middleware/StartSession.php(64): Illuminate\Routing\Pipeline->Illuminate\Routing\{closure}(Object(Illuminate\Http\Request))
#26 /Users/subydev/Webdev/Sites/edynos/vendor/laravel/framework/src/Illuminate/Pipeline/Pipeline.php(137): Illuminate\Session\Middleware\StartSession->handle(Object(Illuminate\Http\Request), Object(Closure))
#27 /Users/subydev/Webdev/Sites/edynos/vendor/laravel/framework/src/Illuminate/Routing/Pipeline.php(33): Illuminate\Pipeline\Pipeline->Illuminate\Pipeline\{closure}(Object(Illuminate\Http\Request))
#28 /Users/subydev/Webdev/Sites/edynos/vendor/laravel/framework/src/Illuminate/Cookie/Middleware/AddQueuedCookiesToResponse.php(37): Illuminate\Routing\Pipeline->Illuminate\Routing\{closure}(Object(Illuminate\Http\Request))
#29 /Users/subydev/Webdev/Sites/edynos/vendor/laravel/framework/src/Illuminate/Pipeline/Pipeline.php(137): Illuminate\Cookie\Middleware\AddQueuedCookiesToResponse->handle(Object(Illuminate\Http\Request), Object(Closure))
#30 /Users/subydev/Webdev/Sites/edynos/vendor/laravel/framework/src/Illuminate/Routing/Pipeline.php(33): Illuminate\Pipeline\Pipeline->Illuminate\Pipeline\{closure}(Object(Illuminate\Http\Request))
#31 /Users/subydev/Webdev/Sites/edynos/vendor/laravel/framework/src/Illuminate/Cookie/Middleware/EncryptCookies.php(59): Illuminate\Routing\Pipeline->Illuminate\Routing\{closure}(Object(Illuminate\Http\Request))
#32 /Users/subydev/Webdev/Sites/edynos/vendor/laravel/framework/src/Illuminate/Pipeline/Pipeline.php(137): Illuminate\Cookie\Middleware\EncryptCookies->handle(Object(Illuminate\Http\Request), Object(Closure))
#33 /Users/subydev/Webdev/Sites/edynos/vendor/laravel/framework/src/Illuminate/Routing/Pipeline.php(33): Illuminate\Pipeline\Pipeline->Illuminate\Pipeline\{closure}(Object(Illuminate\Http\Request))
#34 /Users/subydev/Webdev/Sites/edynos/vendor/laravel/framework/src/Illuminate/Pipeline/Pipeline.php(104): Illuminate\Routing\Pipeline->Illuminate\Routing\{closure}(Object(Illuminate\Http\Request))
#35 /Users/subydev/Webdev/Sites/edynos/vendor/laravel/framework/src/Illuminate/Routing/Router.php(655): Illuminate\Pipeline\Pipeline->then(Object(Closure))
#36 /Users/subydev/Webdev/Sites/edynos/vendor/laravel/framework/src/Illuminate/Routing/Router.php(629): Illuminate\Routing\Router->runRouteWithinStack(Object(Illuminate\Routing\Route), Object(Illuminate\Http\Request))
#37 /Users/subydev/Webdev/Sites/edynos/vendor/laravel/framework/src/Illuminate/Routing/Router.php(607): Illuminate\Routing\Router->dispatchToRoute(Object(Illuminate\Http\Request))
#38 /Users/subydev/Webdev/Sites/edynos/vendor/laravel/framework/src/Illuminate/Foundation/Http/Kernel.php(268): Illuminate\Routing\Router->dispatch(Object(Illuminate\Http\Request))
#39 /Users/subydev/Webdev/Sites/edynos/vendor/laravel/framework/src/Illuminate/Routing/Pipeline.php(53): Illuminate\Foundation\Http\Kernel->Illuminate\Foundation\Http\{closure}(Object(Illuminate\Http\Request))
#40 /Users/subydev/Webdev/Sites/edynos/vendor/laravel/framework/src/Illuminate/Foundation/Http/Middleware/CheckForMaintenanceMode.php(46): Illuminate\Routing\Pipeline->Illuminate\Routing\{closure}(Object(Illuminate\Http\Request))
#41 /Users/subydev/Webdev/Sites/edynos/vendor/laravel/framework/src/Illuminate/Pipeline/Pipeline.php(137): Illuminate\Foundation\Http\Middleware\CheckForMaintenanceMode->handle(Object(Illuminate\Http\Request), Object(Closure))
#42 /Users/subydev/Webdev/Sites/edynos/vendor/laravel/framework/src/Illuminate/Routing/Pipeline.php(33): Illuminate\Pipeline\Pipeline->Illuminate\Pipeline\{closure}(Object(Illuminate\Http\Request))
#43 /Users/subydev/Webdev/Sites/edynos/vendor/laravel/framework/src/Illuminate/Pipeline/Pipeline.php(104): Illuminate\Routing\Pipeline->Illuminate\Routing\{closure}(Object(Illuminate\Http\Request))
#44 /Users/subydev/Webdev/Sites/edynos/vendor/laravel/framework/src/Illuminate/Foundation/Http/Kernel.php(150): Illuminate\Pipeline\Pipeline->then(Object(Closure))
#45 /Users/subydev/Webdev/Sites/edynos/vendor/laravel/framework/src/Illuminate/Foundation/Http/Kernel.php(117): Illuminate\Foundation\Http\Kernel->sendRequestThroughRouter(Object(Illuminate\Http\Request))
#46 /Users/subydev/Webdev/Sites/edynos/public/index.php(53): Illuminate\Foundation\Http\Kernel->handle(Object(Illuminate\Http\Request))
#47 /Users/subydev/.composer/vendor/laravel/valet/server.php(133): require('/Users/subydev/...')
#48 {main}

Next ErrorException: View [auth.app] not found. (View: /Users/subydev/Webdev/Sites/edynos/resources/views/auth/login.blade.php) in /Users/subydev/Webdev/Sites/edynos/vendor/laravel/framework/src/Illuminate/View/FileViewFinder.php:137
Stack trace:
#0 /Users/subydev/Webdev/Sites/edynos/vendor/laravel/framework/src/Illuminate/View/Engines/PhpEngine.php(44): Illuminate\View\Engines\CompilerEngine->handleViewException(Object(InvalidArgumentException), 1)
#1 /Users/subydev/Webdev/Sites/edynos/vendor/laravel/framework/src/Illuminate/View/Engines/CompilerEngine.php(59): Illuminate\View\Engines\PhpEngine->evaluatePath('/Users/subydev/...', Array)
#2 /Users/subydev/Webdev/Sites/edynos/vendor/laravel/framework/src/Illuminate/View/View.php(149): Illuminate\View\Engines\CompilerEngine->get('/Users/subydev/...', Array)
#3 /Users/subydev/Webdev/Sites/edynos/vendor/laravel/framework/src/Illuminate/View/View.php(120): Illuminate\View\View->getContents()
#4 /Users/subydev/Webdev/Sites/edynos/vendor/laravel/framework/src/Illuminate/View/View.php(85): Illuminate\View\View->renderContents()
#5 /Users/subydev/Webdev/Sites/edynos/vendor/laravel/framework/src/Illuminate/Http/Response.php(45): Illuminate\View\View->render()
#6 /Users/subydev/Webdev/Sites/edynos/vendor/symfony/http-foundation/Response.php(201): Illuminate\Http\Response->setContent(Object(Illuminate\View\View))
#7 /Users/subydev/Webdev/Sites/edynos/vendor/laravel/framework/src/Illuminate/Routing/Router.php(1028): Symfony\Component\HttpFoundation\Response->__construct(Object(Illuminate\View\View))
#8 /Users/subydev/Webdev/Sites/edynos/vendor/laravel/framework/src/Illuminate/Routing/Router.php(653): Illuminate\Routing\Router->prepareResponse(Object(Illuminate\Http\Request), Object(Illuminate\View\View))
#9 /Users/subydev/Webdev/Sites/edynos/vendor/laravel/framework/src/Illuminate/Routing/Pipeline.php(53): Illuminate\Routing\Router->Illuminate\Routing\{closure}(Object(Illuminate\Http\Request))
#10 /Users/subydev/Webdev/Sites/edynos/app/Http/Middleware/RedirectIfAuthenticated.php(24): Illuminate\Routing\Pipeline->Illuminate\Routing\{closure}(Object(Illuminate\Http\Request))
#11 /Users/subydev/Webdev/Sites/edynos/vendor/laravel/framework/src/Illuminate/Pipeline/Pipeline.php(137): App\Http\Middleware\RedirectIfAuthenticated->handle(Object(Illuminate\Http\Request), Object(Closure))
#12 /Users/subydev/Webdev/Sites/edynos/vendor/laravel/framework/src/Illuminate/Routing/Pipeline.php(33): Illuminate\Pipeline\Pipeline->Illuminate\Pipeline\{closure}(Object(Illuminate\Http\Request))
#13 /Users/subydev/Webdev/Sites/edynos/vendor/laravel/framework/src/Illuminate/Routing/Middleware/SubstituteBindings.php(41): Illuminate\Routing\Pipeline->Illuminate\Routing\{closure}(Object(Illuminate\Http\Request))
#14 /Users/subydev/Webdev/Sites/edynos/vendor/laravel/framework/src/Illuminate/Pipeline/Pipeline.php(137): Illuminate\Routing\Middleware\SubstituteBindings->handle(Object(Illuminate\Http\Request), Object(Closure))
#15 /Users/subydev/Webdev/Sites/edynos/vendor/laravel/framework/src/Illuminate/Routing/Pipeline.php(33): Illuminate\Pipeline\Pipeline->Illuminate\Pipeline\{closure}(Object(Illuminate\Http\Request))
#16 /Users/subydev/Webdev/Sites/edynos/vendor/laravel/framework/src/Illuminate/Foundation/Http/Middleware/VerifyCsrfToken.php(65): Illuminate\Routing\Pipeline->Illuminate\Routing\{closure}(Object(Illuminate\Http\Request))
#17 /Users/subydev/Webdev/Sites/edynos/vendor/laravel/framework/src/Illuminate/Pipeline/Pipeline.php(137): Illuminate\Foundation\Http\Middleware\VerifyCsrfToken->handle(Object(Illuminate\Http\Request), Object(Closure))
#18 /Users/subydev/Webdev/Sites/edynos/vendor/laravel/framework/src/Illuminate/Routing/Pipeline.php(33): Illuminate\Pipeline\Pipeline->Illuminate\Pipeline\{closure}(Object(Illuminate\Http\Request))
#19 /Users/subydev/Webdev/Sites/edynos/vendor/laravel/framework/src/Illuminate/View/Middleware/ShareErrorsFromSession.php(49): Illuminate\Routing\Pipeline->Illuminate\Routing\{closure}(Object(Illuminate\Http\Request))
#20 /Users/subydev/Webdev/Sites/edynos/vendor/laravel/framework/src/Illuminate/Pipeline/Pipeline.php(137): Illuminate\View\Middleware\ShareErrorsFromSession->handle(Object(Illuminate\Http\Request), Object(Closure))
#21 /Users/subydev/Webdev/Sites/edynos/vendor/laravel/framework/src/Illuminate/Routing/Pipeline.php(33): Illuminate\Pipeline\Pipeline->Illuminate\Pipeline\{closure}(Object(Illuminate\Http\Request))
#22 /Users/subydev/Webdev/Sites/edynos/vendor/laravel/framework/src/Illuminate/Session/Middleware/StartSession.php(64): Illuminate\Routing\Pipeline->Illuminate\Routing\{closure}(Object(Illuminate\Http\Request))
#23 /Users/subydev/Webdev/Sites/edynos/vendor/laravel/framework/src/Illuminate/Pipeline/Pipeline.php(137): Illuminate\Session\Middleware\StartSession->handle(Object(Illuminate\Http\Request), Object(Closure))
#24 /Users/subydev/Webdev/Sites/edynos/vendor/laravel/framework/src/Illuminate/Routing/Pipeline.php(33): Illuminate\Pipeline\Pipeline->Illuminate\Pipeline\{closure}(Object(Illuminate\Http\Request))
#25 /Users/subydev/Webdev/Sites/edynos/vendor/laravel/framework/src/Illuminate/Cookie/Middleware/AddQueuedCookiesToResponse.php(37): Illuminate\Routing\Pipeline->Illuminate\Routing\{closure}(Object(Illuminate\Http\Request))
#26 /Users/subydev/Webdev/Sites/edynos/vendor/laravel/framework/src/Illuminate/Pipeline/Pipeline.php(137): Illuminate\Cookie\Middleware\AddQueuedCookiesToResponse->handle(Object(Illuminate\Http\Request), Object(Closure))
#27 /Users/subydev/Webdev/Sites/edynos/vendor/laravel/framework/src/Illuminate/Routing/Pipeline.php(33): Illuminate\Pipeline\Pipeline->Illuminate\Pipeline\{closure}(Object(Illuminate\Http\Request))
#28 /Users/subydev/Webdev/Sites/edynos/vendor/laravel/framework/src/Illuminate/Cookie/Middleware/EncryptCookies.php(59): Illuminate\Routing\Pipeline->Illuminate\Routing\{closure}(Object(Illuminate\Http\Request))
#29 /Users/subydev/Webdev/Sites/edynos/vendor/laravel/framework/src/Illuminate/Pipeline/Pipeline.php(137): Illuminate\Cookie\Middleware\EncryptCookies->handle(Object(Illuminate\Http\Request), Object(Closure))
#30 /Users/subydev/Webdev/Sites/edynos/vendor/laravel/framework/src/Illuminate/Routing/Pipeline.php(33): Illuminate\Pipeline\Pipeline->Illuminate\Pipeline\{closure}(Object(Illuminate\Http\Request))
#31 /Users/subydev/Webdev/Sites/edynos/vendor/laravel/framework/src/Illuminate/Pipeline/Pipeline.php(104): Illuminate\Routing\Pipeline->Illuminate\Routing\{closure}(Object(Illuminate\Http\Request))
#32 /Users/subydev/Webdev/Sites/edynos/vendor/laravel/framework/src/Illuminate/Routing/Router.php(655): Illuminate\Pipeline\Pipeline->then(Object(Closure))
#33 /Users/subydev/Webdev/Sites/edynos/vendor/laravel/framework/src/Illuminate/Routing/Router.php(629): Illuminate\Routing\Router->runRouteWithinStack(Object(Illuminate\Routing\Route), Object(Illuminate\Http\Request))
#34 /Users/subydev/Webdev/Sites/edynos/vendor/laravel/framework/src/Illuminate/Routing/Router.php(607): Illuminate\Routing\Router->dispatchToRoute(Object(Illuminate\Http\Request))
#35 /Users/subydev/Webdev/Sites/edynos/vendor/laravel/framework/src/Illuminate/Foundation/Http/Kernel.php(268): Illuminate\Routing\Router->dispatch(Object(Illuminate\Http\Request))
#36 /Users/subydev/Webdev/Sites/edynos/vendor/laravel/framework/src/Illuminate/Routing/Pipeline.php(53): Illuminate\Foundation\Http\Kernel->Illuminate\Foundation\Http\{closure}(Object(Illuminate\Http\Request))
#37 /Users/subydev/Webdev/Sites/edynos/vendor/laravel/framework/src/Illuminate/Foundation/Http/Middleware/CheckForMaintenanceMode.php(46): Illuminate\Routing\Pipeline->Illuminate\Routing\{closure}(Object(Illuminate\Http\Request))
#38 /Users/subydev/Webdev/Sites/edynos/vendor/laravel/framework/src/Illuminate/Pipeline/Pipeline.php(137): Illuminate\Foundation\Http\Middleware\CheckForMaintenanceMode->handle(Object(Illuminate\Http\Request), Object(Closure))
#39 /Users/subydev/Webdev/Sites/edynos/vendor/laravel/framework/src/Illuminate/Routing/Pipeline.php(33): Illuminate\Pipeline\Pipeline->Illuminate\Pipeline\{closure}(Object(Illuminate\Http\Request))
#40 /Users/subydev/Webdev/Sites/edynos/vendor/laravel/framework/src/Illuminate/Pipeline/Pipeline.php(104): Illuminate\Routing\Pipeline->Illuminate\Routing\{closure}(Object(Illuminate\Http\Request))
#41 /Users/subydev/Webdev/Sites/edynos/vendor/laravel/framework/src/Illuminate/Foundation/Http/Kernel.php(150): Illuminate\Pipeline\Pipeline->then(Object(Closure))
#42 /Users/subydev/Webdev/Sites/edynos/vendor/laravel/framework/src/Illuminate/Foundation/Http/Kernel.php(117): Illuminate\Foundation\Http\Kernel->sendRequestThroughRouter(Object(Illuminate\Http\Request))
#43 /Users/subydev/Webdev/Sites/edynos/public/index.php(53): Illuminate\Foundation\Http\Kernel->handle(Object(Illuminate\Http\Request))
#44 /Users/subydev/.composer/vendor/laravel/valet/server.php(133): require('/Users/subydev/...')
#45 {main}  
[2017-03-18 08:56:21] local.ERROR: PDOException: SQLSTATE[23502]: Not null violation: 7 ERROR:  null value in column "username" violates not-null constraint
DETAIL:  Failing row contains (1, Sean Leonard, 02musdang@gmail.com, null, $2y$10$k1zRv8ErHCqej7JNKGYYNO0fMDVsc2WpU/FN9dTOr2OLoGavVLO02, null, 2017-03-18 08:56:21, 2017-03-18 08:56:21). in /Users/subydev/Webdev/Sites/edynos/vendor/laravel/framework/src/Illuminate/Database/Connection.php:337
Stack trace:
#0 /Users/subydev/Webdev/Sites/edynos/vendor/laravel/framework/src/Illuminate/Database/Connection.php(337): PDOStatement->execute()
#1 /Users/subydev/Webdev/Sites/edynos/vendor/laravel/framework/src/Illuminate/Database/Connection.php(763): Illuminate\Database\Connection->Illuminate\Database\{closure}(Object(Illuminate\Database\PostgresConnection), 'insert into "us...', Array)
#2 /Users/subydev/Webdev/Sites/edynos/vendor/laravel/framework/src/Illuminate/Database/Connection.php(726): Illuminate\Database\Connection->runQueryCallback('insert into "us...', Array, Object(Closure))
#3 /Users/subydev/Webdev/Sites/edynos/vendor/laravel/framework/src/Illuminate/Database/Connection.php(351): Illuminate\Database\Connection->run('insert into "us...', Array, Object(Closure))
#4 /Users/subydev/Webdev/Sites/edynos/vendor/laravel/framework/src/Illuminate/Database/Connection.php(312): Illuminate\Database\Connection->select('insert into "us...', Array, false)
#5 /Users/subydev/Webdev/Sites/edynos/vendor/laravel/framework/src/Illuminate/Database/Query/Processors/PostgresProcessor.php(20): Illuminate\Database\Connection->selectFromWriteConnection('insert into "us...', Array)
#6 /Users/subydev/Webdev/Sites/edynos/vendor/laravel/framework/src/Illuminate/Database/Query/Builder.php(2154): Illuminate\Database\Query\Processors\PostgresProcessor->processInsertGetId(Object(Illuminate\Database\Query\Builder), 'insert into "us...', Array, 'id')
#7 [internal function]: Illuminate\Database\Query\Builder->insertGetId(Array, 'id')
#8 /Users/subydev/Webdev/Sites/edynos/vendor/laravel/framework/src/Illuminate/Database/Eloquent/Builder.php(1466): call_user_func_array(Array, Array)
#9 /Users/subydev/Webdev/Sites/edynos/vendor/laravel/framework/src/Illuminate/Database/Eloquent/Model.php(1605): Illuminate\Database\Eloquent\Builder->__call('insertGetId', Array)
#10 /Users/subydev/Webdev/Sites/edynos/vendor/laravel/framework/src/Illuminate/Database/Eloquent/Model.php(1574): Illuminate\Database\Eloquent\Model->insertAndSetId(Object(Illuminate\Database\Eloquent\Builder), Array)
#11 /Users/subydev/Webdev/Sites/edynos/vendor/laravel/framework/src/Illuminate/Database/Eloquent/Model.php(1471): Illuminate\Database\Eloquent\Model->performInsert(Object(Illuminate\Database\Eloquent\Builder))
#12 /Users/subydev/Webdev/Sites/edynos/vendor/laravel/framework/src/Illuminate/Database/Eloquent/Model.php(561): Illuminate\Database\Eloquent\Model->save()
#13 /Users/subydev/Webdev/Sites/edynos/app/Http/Controllers/Auth/RegisterController.php(68): Illuminate\Database\Eloquent\Model::create(Array)
#14 /Users/subydev/Webdev/Sites/edynos/vendor/laravel/framework/src/Illuminate/Foundation/Auth/RegistersUsers.php(33): App\Http\Controllers\Auth\RegisterController->create(Array)
#15 [internal function]: App\Http\Controllers\Auth\RegisterController->register(Object(Illuminate\Http\Request))
#16 /Users/subydev/Webdev/Sites/edynos/vendor/laravel/framework/src/Illuminate/Routing/Controller.php(55): call_user_func_array(Array, Array)
#17 /Users/subydev/Webdev/Sites/edynos/vendor/laravel/framework/src/Illuminate/Routing/ControllerDispatcher.php(44): Illuminate\Routing\Controller->callAction('register', Array)
#18 /Users/subydev/Webdev/Sites/edynos/vendor/laravel/framework/src/Illuminate/Routing/Route.php(189): Illuminate\Routing\ControllerDispatcher->dispatch(Object(Illuminate\Routing\Route), Object(App\Http\Controllers\Auth\RegisterController), 'register')
#19 /Users/subydev/Webdev/Sites/edynos/vendor/laravel/framework/src/Illuminate/Routing/Route.php(144): Illuminate\Routing\Route->runController()
#20 /Users/subydev/Webdev/Sites/edynos/vendor/laravel/framework/src/Illuminate/Routing/Router.php(653): Illuminate\Routing\Route->run(Object(Illuminate\Http\Request))
#21 /Users/subydev/Webdev/Sites/edynos/vendor/laravel/framework/src/Illuminate/Routing/Pipeline.php(53): Illuminate\Routing\Router->Illuminate\Routing\{closure}(Object(Illuminate\Http\Request))
#22 /Users/subydev/Webdev/Sites/edynos/app/Http/Middleware/RedirectIfAuthenticated.php(24): Illuminate\Routing\Pipeline->Illuminate\Routing\{closure}(Object(Illuminate\Http\Request))
#23 /Users/subydev/Webdev/Sites/edynos/vendor/laravel/framework/src/Illuminate/Pipeline/Pipeline.php(137): App\Http\Middleware\RedirectIfAuthenticated->handle(Object(Illuminate\Http\Request), Object(Closure))
#24 /Users/subydev/Webdev/Sites/edynos/vendor/laravel/framework/src/Illuminate/Routing/Pipeline.php(33): Illuminate\Pipeline\Pipeline->Illuminate\Pipeline\{closure}(Object(Illuminate\Http\Request))
#25 /Users/subydev/Webdev/Sites/edynos/vendor/laravel/framework/src/Illuminate/Routing/Middleware/SubstituteBindings.php(41): Illuminate\Routing\Pipeline->Illuminate\Routing\{closure}(Object(Illuminate\Http\Request))
#26 /Users/subydev/Webdev/Sites/edynos/vendor/laravel/framework/src/Illuminate/Pipeline/Pipeline.php(137): Illuminate\Routing\Middleware\SubstituteBindings->handle(Object(Illuminate\Http\Request), Object(Closure))
#27 /Users/subydev/Webdev/Sites/edynos/vendor/laravel/framework/src/Illuminate/Routing/Pipeline.php(33): Illuminate\Pipeline\Pipeline->Illuminate\Pipeline\{closure}(Object(Illuminate\Http\Request))
#28 /Users/subydev/Webdev/Sites/edynos/vendor/laravel/framework/src/Illuminate/Foundation/Http/Middleware/VerifyCsrfToken.php(65): Illuminate\Routing\Pipeline->Illuminate\Routing\{closure}(Object(Illuminate\Http\Request))
#29 /Users/subydev/Webdev/Sites/edynos/vendor/laravel/framework/src/Illuminate/Pipeline/Pipeline.php(137): Illuminate\Foundation\Http\Middleware\VerifyCsrfToken->handle(Object(Illuminate\Http\Request), Object(Closure))
#30 /Users/subydev/Webdev/Sites/edynos/vendor/laravel/framework/src/Illuminate/Routing/Pipeline.php(33): Illuminate\Pipeline\Pipeline->Illuminate\Pipeline\{closure}(Object(Illuminate\Http\Request))
#31 /Users/subydev/Webdev/Sites/edynos/vendor/laravel/framework/src/Illuminate/View/Middleware/ShareErrorsFromSession.php(49): Illuminate\Routing\Pipeline->Illuminate\Routing\{closure}(Object(Illuminate\Http\Request))
#32 /Users/subydev/Webdev/Sites/edynos/vendor/laravel/framework/src/Illuminate/Pipeline/Pipeline.php(137): Illuminate\View\Middleware\ShareErrorsFromSession->handle(Object(Illuminate\Http\Request), Object(Closure))
#33 /Users/subydev/Webdev/Sites/edynos/vendor/laravel/framework/src/Illuminate/Routing/Pipeline.php(33): Illuminate\Pipeline\Pipeline->Illuminate\Pipeline\{closure}(Object(Illuminate\Http\Request))
#34 /Users/subydev/Webdev/Sites/edynos/vendor/laravel/framework/src/Illuminate/Session/Middleware/StartSession.php(64): Illuminate\Routing\Pipeline->Illuminate\Routing\{closure}(Object(Illuminate\Http\Request))
#35 /Users/subydev/Webdev/Sites/edynos/vendor/laravel/framework/src/Illuminate/Pipeline/Pipeline.php(137): Illuminate\Session\Middleware\StartSession->handle(Object(Illuminate\Http\Request), Object(Closure))
#36 /Users/subydev/Webdev/Sites/edynos/vendor/laravel/framework/src/Illuminate/Routing/Pipeline.php(33): Illuminate\Pipeline\Pipeline->Illuminate\Pipeline\{closure}(Object(Illuminate\Http\Request))
#37 /Users/subydev/Webdev/Sites/edynos/vendor/laravel/framework/src/Illuminate/Cookie/Middleware/AddQueuedCookiesToResponse.php(37): Illuminate\Routing\Pipeline->Illuminate\Routing\{closure}(Object(Illuminate\Http\Request))
#38 /Users/subydev/Webdev/Sites/edynos/vendor/laravel/framework/src/Illuminate/Pipeline/Pipeline.php(137): Illuminate\Cookie\Middleware\AddQueuedCookiesToResponse->handle(Object(Illuminate\Http\Request), Object(Closure))
#39 /Users/subydev/Webdev/Sites/edynos/vendor/laravel/framework/src/Illuminate/Routing/Pipeline.php(33): Illuminate\Pipeline\Pipeline->Illuminate\Pipeline\{closure}(Object(Illuminate\Http\Request))
#40 /Users/subydev/Webdev/Sites/edynos/vendor/laravel/framework/src/Illuminate/Cookie/Middleware/EncryptCookies.php(59): Illuminate\Routing\Pipeline->Illuminate\Routing\{closure}(Object(Illuminate\Http\Request))
#41 /Users/subydev/Webdev/Sites/edynos/vendor/laravel/framework/src/Illuminate/Pipeline/Pipeline.php(137): Illuminate\Cookie\Middleware\EncryptCookies->handle(Object(Illuminate\Http\Request), Object(Closure))
#42 /Users/subydev/Webdev/Sites/edynos/vendor/laravel/framework/src/Illuminate/Routing/Pipeline.php(33): Illuminate\Pipeline\Pipeline->Illuminate\Pipeline\{closure}(Object(Illuminate\Http\Request))
#43 /Users/subydev/Webdev/Sites/edynos/vendor/laravel/framework/src/Illuminate/Pipeline/Pipeline.php(104): Illuminate\Routing\Pipeline->Illuminate\Routing\{closure}(Object(Illuminate\Http\Request))
#44 /Users/subydev/Webdev/Sites/edynos/vendor/laravel/framework/src/Illuminate/Routing/Router.php(655): Illuminate\Pipeline\Pipeline->then(Object(Closure))
#45 /Users/subydev/Webdev/Sites/edynos/vendor/laravel/framework/src/Illuminate/Routing/Router.php(629): Illuminate\Routing\Router->runRouteWithinStack(Object(Illuminate\Routing\Route), Object(Illuminate\Http\Request))
#46 /Users/subydev/Webdev/Sites/edynos/vendor/laravel/framework/src/Illuminate/Routing/Router.php(607): Illuminate\Routing\Router->dispatchToRoute(Object(Illuminate\Http\Request))
#47 /Users/subydev/Webdev/Sites/edynos/vendor/laravel/framework/src/Illuminate/Foundation/Http/Kernel.php(268): Illuminate\Routing\Router->dispatch(Object(Illuminate\Http\Request))
#48 /Users/subydev/Webdev/Sites/edynos/vendor/laravel/framework/src/Illuminate/Routing/Pipeline.php(53): Illuminate\Foundation\Http\Kernel->Illuminate\Foundation\Http\{closure}(Object(Illuminate\Http\Request))
#49 /Users/subydev/Webdev/Sites/edynos/vendor/laravel/framework/src/Illuminate/Foundation/Http/Middleware/CheckForMaintenanceMode.php(46): Illuminate\Routing\Pipeline->Illuminate\Routing\{closure}(Object(Illuminate\Http\Request))
#50 /Users/subydev/Webdev/Sites/edynos/vendor/laravel/framework/src/Illuminate/Pipeline/Pipeline.php(137): Illuminate\Foundation\Http\Middleware\CheckForMaintenanceMode->handle(Object(Illuminate\Http\Request), Object(Closure))
#51 /Users/subydev/Webdev/Sites/edynos/vendor/laravel/framework/src/Illuminate/Routing/Pipeline.php(33): Illuminate\Pipeline\Pipeline->Illuminate\Pipeline\{closure}(Object(Illuminate\Http\Request))
#52 /Users/subydev/Webdev/Sites/edynos/vendor/laravel/framework/src/Illuminate/Pipeline/Pipeline.php(104): Illuminate\Routing\Pipeline->Illuminate\Routing\{closure}(Object(Illuminate\Http\Request))
#53 /Users/subydev/Webdev/Sites/edynos/vendor/laravel/framework/src/Illuminate/Foundation/Http/Kernel.php(150): Illuminate\Pipeline\Pipeline->then(Object(Closure))
#54 /Users/subydev/Webdev/Sites/edynos/vendor/laravel/framework/src/Illuminate/Foundation/Http/Kernel.php(117): Illuminate\Foundation\Http\Kernel->sendRequestThroughRouter(Object(Illuminate\Http\Request))
#55 /Users/subydev/Webdev/Sites/edynos/public/index.php(53): Illuminate\Foundation\Http\Kernel->handle(Object(Illuminate\Http\Request))
#56 /Users/subydev/.composer/vendor/laravel/valet/server.php(133): require('/Users/subydev/...')
#57 {main}

Next Illuminate\Database\QueryException: SQLSTATE[23502]: Not null violation: 7 ERROR:  null value in column "username" violates not-null constraint
DETAIL:  Failing row contains (1, Sean Leonard, 02musdang@gmail.com, null, $2y$10$k1zRv8ErHCqej7JNKGYYNO0fMDVsc2WpU/FN9dTOr2OLoGavVLO02, null, 2017-03-18 08:56:21, 2017-03-18 08:56:21). (SQL: insert into "users" ("name", "email", "password", "updated_at", "created_at") values (Sean Leonard, 02musdang@gmail.com, $2y$10$k1zRv8ErHCqej7JNKGYYNO0fMDVsc2WpU/FN9dTOr2OLoGavVLO02, 2017-03-18 08:56:21, 2017-03-18 08:56:21) returning "id") in /Users/subydev/Webdev/Sites/edynos/vendor/laravel/framework/src/Illuminate/Database/Connection.php:770
Stack trace:
#0 /Users/subydev/Webdev/Sites/edynos/vendor/laravel/framework/src/Illuminate/Database/Connection.php(726): Illuminate\Database\Connection->runQueryCallback('insert into "us...', Array, Object(Closure))
#1 /Users/subydev/Webdev/Sites/edynos/vendor/laravel/framework/src/Illuminate/Database/Connection.php(351): Illuminate\Database\Connection->run('insert into "us...', Array, Object(Closure))
#2 /Users/subydev/Webdev/Sites/edynos/vendor/laravel/framework/src/Illuminate/Database/Connection.php(312): Illuminate\Database\Connection->select('insert into "us...', Array, false)
#3 /Users/subydev/Webdev/Sites/edynos/vendor/laravel/framework/src/Illuminate/Database/Query/Processors/PostgresProcessor.php(20): Illuminate\Database\Connection->selectFromWriteConnection('insert into "us...', Array)
#4 /Users/subydev/Webdev/Sites/edynos/vendor/laravel/framework/src/Illuminate/Database/Query/Builder.php(2154): Illuminate\Database\Query\Processors\PostgresProcessor->processInsertGetId(Object(Illuminate\Database\Query\Builder), 'insert into "us...', Array, 'id')
#5 [internal function]: Illuminate\Database\Query\Builder->insertGetId(Array, 'id')
#6 /Users/subydev/Webdev/Sites/edynos/vendor/laravel/framework/src/Illuminate/Database/Eloquent/Builder.php(1466): call_user_func_array(Array, Array)
#7 /Users/subydev/Webdev/Sites/edynos/vendor/laravel/framework/src/Illuminate/Database/Eloquent/Model.php(1605): Illuminate\Database\Eloquent\Builder->__call('insertGetId', Array)
#8 /Users/subydev/Webdev/Sites/edynos/vendor/laravel/framework/src/Illuminate/Database/Eloquent/Model.php(1574): Illuminate\Database\Eloquent\Model->insertAndSetId(Object(Illuminate\Database\Eloquent\Builder), Array)
#9 /Users/subydev/Webdev/Sites/edynos/vendor/laravel/framework/src/Illuminate/Database/Eloquent/Model.php(1471): Illuminate\Database\Eloquent\Model->performInsert(Object(Illuminate\Database\Eloquent\Builder))
#10 /Users/subydev/Webdev/Sites/edynos/vendor/laravel/framework/src/Illuminate/Database/Eloquent/Model.php(561): Illuminate\Database\Eloquent\Model->save()
#11 /Users/subydev/Webdev/Sites/edynos/app/Http/Controllers/Auth/RegisterController.php(68): Illuminate\Database\Eloquent\Model::create(Array)
#12 /Users/subydev/Webdev/Sites/edynos/vendor/laravel/framework/src/Illuminate/Foundation/Auth/RegistersUsers.php(33): App\Http\Controllers\Auth\RegisterController->create(Array)
#13 [internal function]: App\Http\Controllers\Auth\RegisterController->register(Object(Illuminate\Http\Request))
#14 /Users/subydev/Webdev/Sites/edynos/vendor/laravel/framework/src/Illuminate/Routing/Controller.php(55): call_user_func_array(Array, Array)
#15 /Users/subydev/Webdev/Sites/edynos/vendor/laravel/framework/src/Illuminate/Routing/ControllerDispatcher.php(44): Illuminate\Routing\Controller->callAction('register', Array)
#16 /Users/subydev/Webdev/Sites/edynos/vendor/laravel/framework/src/Illuminate/Routing/Route.php(189): Illuminate\Routing\ControllerDispatcher->dispatch(Object(Illuminate\Routing\Route), Object(App\Http\Controllers\Auth\RegisterController), 'register')
#17 /Users/subydev/Webdev/Sites/edynos/vendor/laravel/framework/src/Illuminate/Routing/Route.php(144): Illuminate\Routing\Route->runController()
#18 /Users/subydev/Webdev/Sites/edynos/vendor/laravel/framework/src/Illuminate/Routing/Router.php(653): Illuminate\Routing\Route->run(Object(Illuminate\Http\Request))
#19 /Users/subydev/Webdev/Sites/edynos/vendor/laravel/framework/src/Illuminate/Routing/Pipeline.php(53): Illuminate\Routing\Router->Illuminate\Routing\{closure}(Object(Illuminate\Http\Request))
#20 /Users/subydev/Webdev/Sites/edynos/app/Http/Middleware/RedirectIfAuthenticated.php(24): Illuminate\Routing\Pipeline->Illuminate\Routing\{closure}(Object(Illuminate\Http\Request))
#21 /Users/subydev/Webdev/Sites/edynos/vendor/laravel/framework/src/Illuminate/Pipeline/Pipeline.php(137): App\Http\Middleware\RedirectIfAuthenticated->handle(Object(Illuminate\Http\Request), Object(Closure))
#22 /Users/subydev/Webdev/Sites/edynos/vendor/laravel/framework/src/Illuminate/Routing/Pipeline.php(33): Illuminate\Pipeline\Pipeline->Illuminate\Pipeline\{closure}(Object(Illuminate\Http\Request))
#23 /Users/subydev/Webdev/Sites/edynos/vendor/laravel/framework/src/Illuminate/Routing/Middleware/SubstituteBindings.php(41): Illuminate\Routing\Pipeline->Illuminate\Routing\{closure}(Object(Illuminate\Http\Request))
#24 /Users/subydev/Webdev/Sites/edynos/vendor/laravel/framework/src/Illuminate/Pipeline/Pipeline.php(137): Illuminate\Routing\Middleware\SubstituteBindings->handle(Object(Illuminate\Http\Request), Object(Closure))
#25 /Users/subydev/Webdev/Sites/edynos/vendor/laravel/framework/src/Illuminate/Routing/Pipeline.php(33): Illuminate\Pipeline\Pipeline->Illuminate\Pipeline\{closure}(Object(Illuminate\Http\Request))
#26 /Users/subydev/Webdev/Sites/edynos/vendor/laravel/framework/src/Illuminate/Foundation/Http/Middleware/VerifyCsrfToken.php(65): Illuminate\Routing\Pipeline->Illuminate\Routing\{closure}(Object(Illuminate\Http\Request))
#27 /Users/subydev/Webdev/Sites/edynos/vendor/laravel/framework/src/Illuminate/Pipeline/Pipeline.php(137): Illuminate\Foundation\Http\Middleware\VerifyCsrfToken->handle(Object(Illuminate\Http\Request), Object(Closure))
#28 /Users/subydev/Webdev/Sites/edynos/vendor/laravel/framework/src/Illuminate/Routing/Pipeline.php(33): Illuminate\Pipeline\Pipeline->Illuminate\Pipeline\{closure}(Object(Illuminate\Http\Request))
#29 /Users/subydev/Webdev/Sites/edynos/vendor/laravel/framework/src/Illuminate/View/Middleware/ShareErrorsFromSession.php(49): Illuminate\Routing\Pipeline->Illuminate\Routing\{closure}(Object(Illuminate\Http\Request))
#30 /Users/subydev/Webdev/Sites/edynos/vendor/laravel/framework/src/Illuminate/Pipeline/Pipeline.php(137): Illuminate\View\Middleware\ShareErrorsFromSession->handle(Object(Illuminate\Http\Request), Object(Closure))
#31 /Users/subydev/Webdev/Sites/edynos/vendor/laravel/framework/src/Illuminate/Routing/Pipeline.php(33): Illuminate\Pipeline\Pipeline->Illuminate\Pipeline\{closure}(Object(Illuminate\Http\Request))
#32 /Users/subydev/Webdev/Sites/edynos/vendor/laravel/framework/src/Illuminate/Session/Middleware/StartSession.php(64): Illuminate\Routing\Pipeline->Illuminate\Routing\{closure}(Object(Illuminate\Http\Request))
#33 /Users/subydev/Webdev/Sites/edynos/vendor/laravel/framework/src/Illuminate/Pipeline/Pipeline.php(137): Illuminate\Session\Middleware\StartSession->handle(Object(Illuminate\Http\Request), Object(Closure))
#34 /Users/subydev/Webdev/Sites/edynos/vendor/laravel/framework/src/Illuminate/Routing/Pipeline.php(33): Illuminate\Pipeline\Pipeline->Illuminate\Pipeline\{closure}(Object(Illuminate\Http\Request))
#35 /Users/subydev/Webdev/Sites/edynos/vendor/laravel/framework/src/Illuminate/Cookie/Middleware/AddQueuedCookiesToResponse.php(37): Illuminate\Routing\Pipeline->Illuminate\Routing\{closure}(Object(Illuminate\Http\Request))
#36 /Users/subydev/Webdev/Sites/edynos/vendor/laravel/framework/src/Illuminate/Pipeline/Pipeline.php(137): Illuminate\Cookie\Middleware\AddQueuedCookiesToResponse->handle(Object(Illuminate\Http\Request), Object(Closure))
#37 /Users/subydev/Webdev/Sites/edynos/vendor/laravel/framework/src/Illuminate/Routing/Pipeline.php(33): Illuminate\Pipeline\Pipeline->Illuminate\Pipeline\{closure}(Object(Illuminate\Http\Request))
#38 /Users/subydev/Webdev/Sites/edynos/vendor/laravel/framework/src/Illuminate/Cookie/Middleware/EncryptCookies.php(59): Illuminate\Routing\Pipeline->Illuminate\Routing\{closure}(Object(Illuminate\Http\Request))
#39 /Users/subydev/Webdev/Sites/edynos/vendor/laravel/framework/src/Illuminate/Pipeline/Pipeline.php(137): Illuminate\Cookie\Middleware\EncryptCookies->handle(Object(Illuminate\Http\Request), Object(Closure))
#40 /Users/subydev/Webdev/Sites/edynos/vendor/laravel/framework/src/Illuminate/Routing/Pipeline.php(33): Illuminate\Pipeline\Pipeline->Illuminate\Pipeline\{closure}(Object(Illuminate\Http\Request))
#41 /Users/subydev/Webdev/Sites/edynos/vendor/laravel/framework/src/Illuminate/Pipeline/Pipeline.php(104): Illuminate\Routing\Pipeline->Illuminate\Routing\{closure}(Object(Illuminate\Http\Request))
#42 /Users/subydev/Webdev/Sites/edynos/vendor/laravel/framework/src/Illuminate/Routing/Router.php(655): Illuminate\Pipeline\Pipeline->then(Object(Closure))
#43 /Users/subydev/Webdev/Sites/edynos/vendor/laravel/framework/src/Illuminate/Routing/Router.php(629): Illuminate\Routing\Router->runRouteWithinStack(Object(Illuminate\Routing\Route), Object(Illuminate\Http\Request))
#44 /Users/subydev/Webdev/Sites/edynos/vendor/laravel/framework/src/Illuminate/Routing/Router.php(607): Illuminate\Routing\Router->dispatchToRoute(Object(Illuminate\Http\Request))
#45 /Users/subydev/Webdev/Sites/edynos/vendor/laravel/framework/src/Illuminate/Foundation/Http/Kernel.php(268): Illuminate\Routing\Router->dispatch(Object(Illuminate\Http\Request))
#46 /Users/subydev/Webdev/Sites/edynos/vendor/laravel/framework/src/Illuminate/Routing/Pipeline.php(53): Illuminate\Foundation\Http\Kernel->Illuminate\Foundation\Http\{closure}(Object(Illuminate\Http\Request))
#47 /Users/subydev/Webdev/Sites/edynos/vendor/laravel/framework/src/Illuminate/Foundation/Http/Middleware/CheckForMaintenanceMode.php(46): Illuminate\Routing\Pipeline->Illuminate\Routing\{closure}(Object(Illuminate\Http\Request))
#48 /Users/subydev/Webdev/Sites/edynos/vendor/laravel/framework/src/Illuminate/Pipeline/Pipeline.php(137): Illuminate\Foundation\Http\Middleware\CheckForMaintenanceMode->handle(Object(Illuminate\Http\Request), Object(Closure))
#49 /Users/subydev/Webdev/Sites/edynos/vendor/laravel/framework/src/Illuminate/Routing/Pipeline.php(33): Illuminate\Pipeline\Pipeline->Illuminate\Pipeline\{closure}(Object(Illuminate\Http\Request))
#50 /Users/subydev/Webdev/Sites/edynos/vendor/laravel/framework/src/Illuminate/Pipeline/Pipeline.php(104): Illuminate\Routing\Pipeline->Illuminate\Routing\{closure}(Object(Illuminate\Http\Request))
#51 /Users/subydev/Webdev/Sites/edynos/vendor/laravel/framework/src/Illuminate/Foundation/Http/Kernel.php(150): Illuminate\Pipeline\Pipeline->then(Object(Closure))
#52 /Users/subydev/Webdev/Sites/edynos/vendor/laravel/framework/src/Illuminate/Foundation/Http/Kernel.php(117): Illuminate\Foundation\Http\Kernel->sendRequestThroughRouter(Object(Illuminate\Http\Request))
#53 /Users/subydev/Webdev/Sites/edynos/public/index.php(53): Illuminate\Foundation\Http\Kernel->handle(Object(Illuminate\Http\Request))
#54 /Users/subydev/.composer/vendor/laravel/valet/server.php(133): require('/Users/subydev/...')
#55 {main}  
[2017-03-18 08:56:34] local.ERROR: PDOException: SQLSTATE[23502]: Not null violation: 7 ERROR:  null value in column "username" violates not-null constraint
DETAIL:  Failing row contains (2, Sean Leonard, 02musdang@gmail.com, null, $2y$10$RRx.FSXOiw2sr03seUeXnOVZQkrnn34LWvynz3tB263OixSq94J.e, null, 2017-03-18 08:56:34, 2017-03-18 08:56:34). in /Users/subydev/Webdev/Sites/edynos/vendor/laravel/framework/src/Illuminate/Database/Connection.php:337
Stack trace:
#0 /Users/subydev/Webdev/Sites/edynos/vendor/laravel/framework/src/Illuminate/Database/Connection.php(337): PDOStatement->execute()
#1 /Users/subydev/Webdev/Sites/edynos/vendor/laravel/framework/src/Illuminate/Database/Connection.php(763): Illuminate\Database\Connection->Illuminate\Database\{closure}(Object(Illuminate\Database\PostgresConnection), 'insert into "us...', Array)
#2 /Users/subydev/Webdev/Sites/edynos/vendor/laravel/framework/src/Illuminate/Database/Connection.php(726): Illuminate\Database\Connection->runQueryCallback('insert into "us...', Array, Object(Closure))
#3 /Users/subydev/Webdev/Sites/edynos/vendor/laravel/framework/src/Illuminate/Database/Connection.php(351): Illuminate\Database\Connection->run('insert into "us...', Array, Object(Closure))
#4 /Users/subydev/Webdev/Sites/edynos/vendor/laravel/framework/src/Illuminate/Database/Connection.php(312): Illuminate\Database\Connection->select('insert into "us...', Array, false)
#5 /Users/subydev/Webdev/Sites/edynos/vendor/laravel/framework/src/Illuminate/Database/Query/Processors/PostgresProcessor.php(20): Illuminate\Database\Connection->selectFromWriteConnection('insert into "us...', Array)
#6 /Users/subydev/Webdev/Sites/edynos/vendor/laravel/framework/src/Illuminate/Database/Query/Builder.php(2154): Illuminate\Database\Query\Processors\PostgresProcessor->processInsertGetId(Object(Illuminate\Database\Query\Builder), 'insert into "us...', Array, 'id')
#7 [internal function]: Illuminate\Database\Query\Builder->insertGetId(Array, 'id')
#8 /Users/subydev/Webdev/Sites/edynos/vendor/laravel/framework/src/Illuminate/Database/Eloquent/Builder.php(1466): call_user_func_array(Array, Array)
#9 /Users/subydev/Webdev/Sites/edynos/vendor/laravel/framework/src/Illuminate/Database/Eloquent/Model.php(1605): Illuminate\Database\Eloquent\Builder->__call('insertGetId', Array)
#10 /Users/subydev/Webdev/Sites/edynos/vendor/laravel/framework/src/Illuminate/Database/Eloquent/Model.php(1574): Illuminate\Database\Eloquent\Model->insertAndSetId(Object(Illuminate\Database\Eloquent\Builder), Array)
#11 /Users/subydev/Webdev/Sites/edynos/vendor/laravel/framework/src/Illuminate/Database/Eloquent/Model.php(1471): Illuminate\Database\Eloquent\Model->performInsert(Object(Illuminate\Database\Eloquent\Builder))
#12 /Users/subydev/Webdev/Sites/edynos/vendor/laravel/framework/src/Illuminate/Database/Eloquent/Model.php(561): Illuminate\Database\Eloquent\Model->save()
#13 /Users/subydev/Webdev/Sites/edynos/app/Http/Controllers/Auth/RegisterController.php(68): Illuminate\Database\Eloquent\Model::create(Array)
#14 /Users/subydev/Webdev/Sites/edynos/vendor/laravel/framework/src/Illuminate/Foundation/Auth/RegistersUsers.php(33): App\Http\Controllers\Auth\RegisterController->create(Array)
#15 [internal function]: App\Http\Controllers\Auth\RegisterController->register(Object(Illuminate\Http\Request))
#16 /Users/subydev/Webdev/Sites/edynos/vendor/laravel/framework/src/Illuminate/Routing/Controller.php(55): call_user_func_array(Array, Array)
#17 /Users/subydev/Webdev/Sites/edynos/vendor/laravel/framework/src/Illuminate/Routing/ControllerDispatcher.php(44): Illuminate\Routing\Controller->callAction('register', Array)
#18 /Users/subydev/Webdev/Sites/edynos/vendor/laravel/framework/src/Illuminate/Routing/Route.php(189): Illuminate\Routing\ControllerDispatcher->dispatch(Object(Illuminate\Routing\Route), Object(App\Http\Controllers\Auth\RegisterController), 'register')
#19 /Users/subydev/Webdev/Sites/edynos/vendor/laravel/framework/src/Illuminate/Routing/Route.php(144): Illuminate\Routing\Route->runController()
#20 /Users/subydev/Webdev/Sites/edynos/vendor/laravel/framework/src/Illuminate/Routing/Router.php(653): Illuminate\Routing\Route->run(Object(Illuminate\Http\Request))
#21 /Users/subydev/Webdev/Sites/edynos/vendor/laravel/framework/src/Illuminate/Routing/Pipeline.php(53): Illuminate\Routing\Router->Illuminate\Routing\{closure}(Object(Illuminate\Http\Request))
#22 /Users/subydev/Webdev/Sites/edynos/app/Http/Middleware/RedirectIfAuthenticated.php(24): Illuminate\Routing\Pipeline->Illuminate\Routing\{closure}(Object(Illuminate\Http\Request))
#23 /Users/subydev/Webdev/Sites/edynos/vendor/laravel/framework/src/Illuminate/Pipeline/Pipeline.php(137): App\Http\Middleware\RedirectIfAuthenticated->handle(Object(Illuminate\Http\Request), Object(Closure))
#24 /Users/subydev/Webdev/Sites/edynos/vendor/laravel/framework/src/Illuminate/Routing/Pipeline.php(33): Illuminate\Pipeline\Pipeline->Illuminate\Pipeline\{closure}(Object(Illuminate\Http\Request))
#25 /Users/subydev/Webdev/Sites/edynos/vendor/laravel/framework/src/Illuminate/Routing/Middleware/SubstituteBindings.php(41): Illuminate\Routing\Pipeline->Illuminate\Routing\{closure}(Object(Illuminate\Http\Request))
#26 /Users/subydev/Webdev/Sites/edynos/vendor/laravel/framework/src/Illuminate/Pipeline/Pipeline.php(137): Illuminate\Routing\Middleware\SubstituteBindings->handle(Object(Illuminate\Http\Request), Object(Closure))
#27 /Users/subydev/Webdev/Sites/edynos/vendor/laravel/framework/src/Illuminate/Routing/Pipeline.php(33): Illuminate\Pipeline\Pipeline->Illuminate\Pipeline\{closure}(Object(Illuminate\Http\Request))
#28 /Users/subydev/Webdev/Sites/edynos/vendor/laravel/framework/src/Illuminate/Foundation/Http/Middleware/VerifyCsrfToken.php(65): Illuminate\Routing\Pipeline->Illuminate\Routing\{closure}(Object(Illuminate\Http\Request))
#29 /Users/subydev/Webdev/Sites/edynos/vendor/laravel/framework/src/Illuminate/Pipeline/Pipeline.php(137): Illuminate\Foundation\Http\Middleware\VerifyCsrfToken->handle(Object(Illuminate\Http\Request), Object(Closure))
#30 /Users/subydev/Webdev/Sites/edynos/vendor/laravel/framework/src/Illuminate/Routing/Pipeline.php(33): Illuminate\Pipeline\Pipeline->Illuminate\Pipeline\{closure}(Object(Illuminate\Http\Request))
#31 /Users/subydev/Webdev/Sites/edynos/vendor/laravel/framework/src/Illuminate/View/Middleware/ShareErrorsFromSession.php(49): Illuminate\Routing\Pipeline->Illuminate\Routing\{closure}(Object(Illuminate\Http\Request))
#32 /Users/subydev/Webdev/Sites/edynos/vendor/laravel/framework/src/Illuminate/Pipeline/Pipeline.php(137): Illuminate\View\Middleware\ShareErrorsFromSession->handle(Object(Illuminate\Http\Request), Object(Closure))
#33 /Users/subydev/Webdev/Sites/edynos/vendor/laravel/framework/src/Illuminate/Routing/Pipeline.php(33): Illuminate\Pipeline\Pipeline->Illuminate\Pipeline\{closure}(Object(Illuminate\Http\Request))
#34 /Users/subydev/Webdev/Sites/edynos/vendor/laravel/framework/src/Illuminate/Session/Middleware/StartSession.php(64): Illuminate\Routing\Pipeline->Illuminate\Routing\{closure}(Object(Illuminate\Http\Request))
#35 /Users/subydev/Webdev/Sites/edynos/vendor/laravel/framework/src/Illuminate/Pipeline/Pipeline.php(137): Illuminate\Session\Middleware\StartSession->handle(Object(Illuminate\Http\Request), Object(Closure))
#36 /Users/subydev/Webdev/Sites/edynos/vendor/laravel/framework/src/Illuminate/Routing/Pipeline.php(33): Illuminate\Pipeline\Pipeline->Illuminate\Pipeline\{closure}(Object(Illuminate\Http\Request))
#37 /Users/subydev/Webdev/Sites/edynos/vendor/laravel/framework/src/Illuminate/Cookie/Middleware/AddQueuedCookiesToResponse.php(37): Illuminate\Routing\Pipeline->Illuminate\Routing\{closure}(Object(Illuminate\Http\Request))
#38 /Users/subydev/Webdev/Sites/edynos/vendor/laravel/framework/src/Illuminate/Pipeline/Pipeline.php(137): Illuminate\Cookie\Middleware\AddQueuedCookiesToResponse->handle(Object(Illuminate\Http\Request), Object(Closure))
#39 /Users/subydev/Webdev/Sites/edynos/vendor/laravel/framework/src/Illuminate/Routing/Pipeline.php(33): Illuminate\Pipeline\Pipeline->Illuminate\Pipeline\{closure}(Object(Illuminate\Http\Request))
#40 /Users/subydev/Webdev/Sites/edynos/vendor/laravel/framework/src/Illuminate/Cookie/Middleware/EncryptCookies.php(59): Illuminate\Routing\Pipeline->Illuminate\Routing\{closure}(Object(Illuminate\Http\Request))
#41 /Users/subydev/Webdev/Sites/edynos/vendor/laravel/framework/src/Illuminate/Pipeline/Pipeline.php(137): Illuminate\Cookie\Middleware\EncryptCookies->handle(Object(Illuminate\Http\Request), Object(Closure))
#42 /Users/subydev/Webdev/Sites/edynos/vendor/laravel/framework/src/Illuminate/Routing/Pipeline.php(33): Illuminate\Pipeline\Pipeline->Illuminate\Pipeline\{closure}(Object(Illuminate\Http\Request))
#43 /Users/subydev/Webdev/Sites/edynos/vendor/laravel/framework/src/Illuminate/Pipeline/Pipeline.php(104): Illuminate\Routing\Pipeline->Illuminate\Routing\{closure}(Object(Illuminate\Http\Request))
#44 /Users/subydev/Webdev/Sites/edynos/vendor/laravel/framework/src/Illuminate/Routing/Router.php(655): Illuminate\Pipeline\Pipeline->then(Object(Closure))
#45 /Users/subydev/Webdev/Sites/edynos/vendor/laravel/framework/src/Illuminate/Routing/Router.php(629): Illuminate\Routing\Router->runRouteWithinStack(Object(Illuminate\Routing\Route), Object(Illuminate\Http\Request))
#46 /Users/subydev/Webdev/Sites/edynos/vendor/laravel/framework/src/Illuminate/Routing/Router.php(607): Illuminate\Routing\Router->dispatchToRoute(Object(Illuminate\Http\Request))
#47 /Users/subydev/Webdev/Sites/edynos/vendor/laravel/framework/src/Illuminate/Foundation/Http/Kernel.php(268): Illuminate\Routing\Router->dispatch(Object(Illuminate\Http\Request))
#48 /Users/subydev/Webdev/Sites/edynos/vendor/laravel/framework/src/Illuminate/Routing/Pipeline.php(53): Illuminate\Foundation\Http\Kernel->Illuminate\Foundation\Http\{closure}(Object(Illuminate\Http\Request))
#49 /Users/subydev/Webdev/Sites/edynos/vendor/laravel/framework/src/Illuminate/Foundation/Http/Middleware/CheckForMaintenanceMode.php(46): Illuminate\Routing\Pipeline->Illuminate\Routing\{closure}(Object(Illuminate\Http\Request))
#50 /Users/subydev/Webdev/Sites/edynos/vendor/laravel/framework/src/Illuminate/Pipeline/Pipeline.php(137): Illuminate\Foundation\Http\Middleware\CheckForMaintenanceMode->handle(Object(Illuminate\Http\Request), Object(Closure))
#51 /Users/subydev/Webdev/Sites/edynos/vendor/laravel/framework/src/Illuminate/Routing/Pipeline.php(33): Illuminate\Pipeline\Pipeline->Illuminate\Pipeline\{closure}(Object(Illuminate\Http\Request))
#52 /Users/subydev/Webdev/Sites/edynos/vendor/laravel/framework/src/Illuminate/Pipeline/Pipeline.php(104): Illuminate\Routing\Pipeline->Illuminate\Routing\{closure}(Object(Illuminate\Http\Request))
#53 /Users/subydev/Webdev/Sites/edynos/vendor/laravel/framework/src/Illuminate/Foundation/Http/Kernel.php(150): Illuminate\Pipeline\Pipeline->then(Object(Closure))
#54 /Users/subydev/Webdev/Sites/edynos/vendor/laravel/framework/src/Illuminate/Foundation/Http/Kernel.php(117): Illuminate\Foundation\Http\Kernel->sendRequestThroughRouter(Object(Illuminate\Http\Request))
#55 /Users/subydev/Webdev/Sites/edynos/public/index.php(53): Illuminate\Foundation\Http\Kernel->handle(Object(Illuminate\Http\Request))
#56 /Users/subydev/.composer/vendor/laravel/valet/server.php(133): require('/Users/subydev/...')
#57 {main}

Next Illuminate\Database\QueryException: SQLSTATE[23502]: Not null violation: 7 ERROR:  null value in column "username" violates not-null constraint
DETAIL:  Failing row contains (2, Sean Leonard, 02musdang@gmail.com, null, $2y$10$RRx.FSXOiw2sr03seUeXnOVZQkrnn34LWvynz3tB263OixSq94J.e, null, 2017-03-18 08:56:34, 2017-03-18 08:56:34). (SQL: insert into "users" ("name", "email", "password", "updated_at", "created_at") values (Sean Leonard, 02musdang@gmail.com, $2y$10$RRx.FSXOiw2sr03seUeXnOVZQkrnn34LWvynz3tB263OixSq94J.e, 2017-03-18 08:56:34, 2017-03-18 08:56:34) returning "id") in /Users/subydev/Webdev/Sites/edynos/vendor/laravel/framework/src/Illuminate/Database/Connection.php:770
Stack trace:
#0 /Users/subydev/Webdev/Sites/edynos/vendor/laravel/framework/src/Illuminate/Database/Connection.php(726): Illuminate\Database\Connection->runQueryCallback('insert into "us...', Array, Object(Closure))
#1 /Users/subydev/Webdev/Sites/edynos/vendor/laravel/framework/src/Illuminate/Database/Connection.php(351): Illuminate\Database\Connection->run('insert into "us...', Array, Object(Closure))
#2 /Users/subydev/Webdev/Sites/edynos/vendor/laravel/framework/src/Illuminate/Database/Connection.php(312): Illuminate\Database\Connection->select('insert into "us...', Array, false)
#3 /Users/subydev/Webdev/Sites/edynos/vendor/laravel/framework/src/Illuminate/Database/Query/Processors/PostgresProcessor.php(20): Illuminate\Database\Connection->selectFromWriteConnection('insert into "us...', Array)
#4 /Users/subydev/Webdev/Sites/edynos/vendor/laravel/framework/src/Illuminate/Database/Query/Builder.php(2154): Illuminate\Database\Query\Processors\PostgresProcessor->processInsertGetId(Object(Illuminate\Database\Query\Builder), 'insert into "us...', Array, 'id')
#5 [internal function]: Illuminate\Database\Query\Builder->insertGetId(Array, 'id')
#6 /Users/subydev/Webdev/Sites/edynos/vendor/laravel/framework/src/Illuminate/Database/Eloquent/Builder.php(1466): call_user_func_array(Array, Array)
#7 /Users/subydev/Webdev/Sites/edynos/vendor/laravel/framework/src/Illuminate/Database/Eloquent/Model.php(1605): Illuminate\Database\Eloquent\Builder->__call('insertGetId', Array)
#8 /Users/subydev/Webdev/Sites/edynos/vendor/laravel/framework/src/Illuminate/Database/Eloquent/Model.php(1574): Illuminate\Database\Eloquent\Model->insertAndSetId(Object(Illuminate\Database\Eloquent\Builder), Array)
#9 /Users/subydev/Webdev/Sites/edynos/vendor/laravel/framework/src/Illuminate/Database/Eloquent/Model.php(1471): Illuminate\Database\Eloquent\Model->performInsert(Object(Illuminate\Database\Eloquent\Builder))
#10 /Users/subydev/Webdev/Sites/edynos/vendor/laravel/framework/src/Illuminate/Database/Eloquent/Model.php(561): Illuminate\Database\Eloquent\Model->save()
#11 /Users/subydev/Webdev/Sites/edynos/app/Http/Controllers/Auth/RegisterController.php(68): Illuminate\Database\Eloquent\Model::create(Array)
#12 /Users/subydev/Webdev/Sites/edynos/vendor/laravel/framework/src/Illuminate/Foundation/Auth/RegistersUsers.php(33): App\Http\Controllers\Auth\RegisterController->create(Array)
#13 [internal function]: App\Http\Controllers\Auth\RegisterController->register(Object(Illuminate\Http\Request))
#14 /Users/subydev/Webdev/Sites/edynos/vendor/laravel/framework/src/Illuminate/Routing/Controller.php(55): call_user_func_array(Array, Array)
#15 /Users/subydev/Webdev/Sites/edynos/vendor/laravel/framework/src/Illuminate/Routing/ControllerDispatcher.php(44): Illuminate\Routing\Controller->callAction('register', Array)
#16 /Users/subydev/Webdev/Sites/edynos/vendor/laravel/framework/src/Illuminate/Routing/Route.php(189): Illuminate\Routing\ControllerDispatcher->dispatch(Object(Illuminate\Routing\Route), Object(App\Http\Controllers\Auth\RegisterController), 'register')
#17 /Users/subydev/Webdev/Sites/edynos/vendor/laravel/framework/src/Illuminate/Routing/Route.php(144): Illuminate\Routing\Route->runController()
#18 /Users/subydev/Webdev/Sites/edynos/vendor/laravel/framework/src/Illuminate/Routing/Router.php(653): Illuminate\Routing\Route->run(Object(Illuminate\Http\Request))
#19 /Users/subydev/Webdev/Sites/edynos/vendor/laravel/framework/src/Illuminate/Routing/Pipeline.php(53): Illuminate\Routing\Router->Illuminate\Routing\{closure}(Object(Illuminate\Http\Request))
#20 /Users/subydev/Webdev/Sites/edynos/app/Http/Middleware/RedirectIfAuthenticated.php(24): Illuminate\Routing\Pipeline->Illuminate\Routing\{closure}(Object(Illuminate\Http\Request))
#21 /Users/subydev/Webdev/Sites/edynos/vendor/laravel/framework/src/Illuminate/Pipeline/Pipeline.php(137): App\Http\Middleware\RedirectIfAuthenticated->handle(Object(Illuminate\Http\Request), Object(Closure))
#22 /Users/subydev/Webdev/Sites/edynos/vendor/laravel/framework/src/Illuminate/Routing/Pipeline.php(33): Illuminate\Pipeline\Pipeline->Illuminate\Pipeline\{closure}(Object(Illuminate\Http\Request))
#23 /Users/subydev/Webdev/Sites/edynos/vendor/laravel/framework/src/Illuminate/Routing/Middleware/SubstituteBindings.php(41): Illuminate\Routing\Pipeline->Illuminate\Routing\{closure}(Object(Illuminate\Http\Request))
#24 /Users/subydev/Webdev/Sites/edynos/vendor/laravel/framework/src/Illuminate/Pipeline/Pipeline.php(137): Illuminate\Routing\Middleware\SubstituteBindings->handle(Object(Illuminate\Http\Request), Object(Closure))
#25 /Users/subydev/Webdev/Sites/edynos/vendor/laravel/framework/src/Illuminate/Routing/Pipeline.php(33): Illuminate\Pipeline\Pipeline->Illuminate\Pipeline\{closure}(Object(Illuminate\Http\Request))
#26 /Users/subydev/Webdev/Sites/edynos/vendor/laravel/framework/src/Illuminate/Foundation/Http/Middleware/VerifyCsrfToken.php(65): Illuminate\Routing\Pipeline->Illuminate\Routing\{closure}(Object(Illuminate\Http\Request))
#27 /Users/subydev/Webdev/Sites/edynos/vendor/laravel/framework/src/Illuminate/Pipeline/Pipeline.php(137): Illuminate\Foundation\Http\Middleware\VerifyCsrfToken->handle(Object(Illuminate\Http\Request), Object(Closure))
#28 /Users/subydev/Webdev/Sites/edynos/vendor/laravel/framework/src/Illuminate/Routing/Pipeline.php(33): Illuminate\Pipeline\Pipeline->Illuminate\Pipeline\{closure}(Object(Illuminate\Http\Request))
#29 /Users/subydev/Webdev/Sites/edynos/vendor/laravel/framework/src/Illuminate/View/Middleware/ShareErrorsFromSession.php(49): Illuminate\Routing\Pipeline->Illuminate\Routing\{closure}(Object(Illuminate\Http\Request))
#30 /Users/subydev/Webdev/Sites/edynos/vendor/laravel/framework/src/Illuminate/Pipeline/Pipeline.php(137): Illuminate\View\Middleware\ShareErrorsFromSession->handle(Object(Illuminate\Http\Request), Object(Closure))
#31 /Users/subydev/Webdev/Sites/edynos/vendor/laravel/framework/src/Illuminate/Routing/Pipeline.php(33): Illuminate\Pipeline\Pipeline->Illuminate\Pipeline\{closure}(Object(Illuminate\Http\Request))
#32 /Users/subydev/Webdev/Sites/edynos/vendor/laravel/framework/src/Illuminate/Session/Middleware/StartSession.php(64): Illuminate\Routing\Pipeline->Illuminate\Routing\{closure}(Object(Illuminate\Http\Request))
#33 /Users/subydev/Webdev/Sites/edynos/vendor/laravel/framework/src/Illuminate/Pipeline/Pipeline.php(137): Illuminate\Session\Middleware\StartSession->handle(Object(Illuminate\Http\Request), Object(Closure))
#34 /Users/subydev/Webdev/Sites/edynos/vendor/laravel/framework/src/Illuminate/Routing/Pipeline.php(33): Illuminate\Pipeline\Pipeline->Illuminate\Pipeline\{closure}(Object(Illuminate\Http\Request))
#35 /Users/subydev/Webdev/Sites/edynos/vendor/laravel/framework/src/Illuminate/Cookie/Middleware/AddQueuedCookiesToResponse.php(37): Illuminate\Routing\Pipeline->Illuminate\Routing\{closure}(Object(Illuminate\Http\Request))
#36 /Users/subydev/Webdev/Sites/edynos/vendor/laravel/framework/src/Illuminate/Pipeline/Pipeline.php(137): Illuminate\Cookie\Middleware\AddQueuedCookiesToResponse->handle(Object(Illuminate\Http\Request), Object(Closure))
#37 /Users/subydev/Webdev/Sites/edynos/vendor/laravel/framework/src/Illuminate/Routing/Pipeline.php(33): Illuminate\Pipeline\Pipeline->Illuminate\Pipeline\{closure}(Object(Illuminate\Http\Request))
#38 /Users/subydev/Webdev/Sites/edynos/vendor/laravel/framework/src/Illuminate/Cookie/Middleware/EncryptCookies.php(59): Illuminate\Routing\Pipeline->Illuminate\Routing\{closure}(Object(Illuminate\Http\Request))
#39 /Users/subydev/Webdev/Sites/edynos/vendor/laravel/framework/src/Illuminate/Pipeline/Pipeline.php(137): Illuminate\Cookie\Middleware\EncryptCookies->handle(Object(Illuminate\Http\Request), Object(Closure))
#40 /Users/subydev/Webdev/Sites/edynos/vendor/laravel/framework/src/Illuminate/Routing/Pipeline.php(33): Illuminate\Pipeline\Pipeline->Illuminate\Pipeline\{closure}(Object(Illuminate\Http\Request))
#41 /Users/subydev/Webdev/Sites/edynos/vendor/laravel/framework/src/Illuminate/Pipeline/Pipeline.php(104): Illuminate\Routing\Pipeline->Illuminate\Routing\{closure}(Object(Illuminate\Http\Request))
#42 /Users/subydev/Webdev/Sites/edynos/vendor/laravel/framework/src/Illuminate/Routing/Router.php(655): Illuminate\Pipeline\Pipeline->then(Object(Closure))
#43 /Users/subydev/Webdev/Sites/edynos/vendor/laravel/framework/src/Illuminate/Routing/Router.php(629): Illuminate\Routing\Router->runRouteWithinStack(Object(Illuminate\Routing\Route), Object(Illuminate\Http\Request))
#44 /Users/subydev/Webdev/Sites/edynos/vendor/laravel/framework/src/Illuminate/Routing/Router.php(607): Illuminate\Routing\Router->dispatchToRoute(Object(Illuminate\Http\Request))
#45 /Users/subydev/Webdev/Sites/edynos/vendor/laravel/framework/src/Illuminate/Foundation/Http/Kernel.php(268): Illuminate\Routing\Router->dispatch(Object(Illuminate\Http\Request))
#46 /Users/subydev/Webdev/Sites/edynos/vendor/laravel/framework/src/Illuminate/Routing/Pipeline.php(53): Illuminate\Foundation\Http\Kernel->Illuminate\Foundation\Http\{closure}(Object(Illuminate\Http\Request))
#47 /Users/subydev/Webdev/Sites/edynos/vendor/laravel/framework/src/Illuminate/Foundation/Http/Middleware/CheckForMaintenanceMode.php(46): Illuminate\Routing\Pipeline->Illuminate\Routing\{closure}(Object(Illuminate\Http\Request))
#48 /Users/subydev/Webdev/Sites/edynos/vendor/laravel/framework/src/Illuminate/Pipeline/Pipeline.php(137): Illuminate\Foundation\Http\Middleware\CheckForMaintenanceMode->handle(Object(Illuminate\Http\Request), Object(Closure))
#49 /Users/subydev/Webdev/Sites/edynos/vendor/laravel/framework/src/Illuminate/Routing/Pipeline.php(33): Illuminate\Pipeline\Pipeline->Illuminate\Pipeline\{closure}(Object(Illuminate\Http\Request))
#50 /Users/subydev/Webdev/Sites/edynos/vendor/laravel/framework/src/Illuminate/Pipeline/Pipeline.php(104): Illuminate\Routing\Pipeline->Illuminate\Routing\{closure}(Object(Illuminate\Http\Request))
#51 /Users/subydev/Webdev/Sites/edynos/vendor/laravel/framework/src/Illuminate/Foundation/Http/Kernel.php(150): Illuminate\Pipeline\Pipeline->then(Object(Closure))
#52 /Users/subydev/Webdev/Sites/edynos/vendor/laravel/framework/src/Illuminate/Foundation/Http/Kernel.php(117): Illuminate\Foundation\Http\Kernel->sendRequestThroughRouter(Object(Illuminate\Http\Request))
#53 /Users/subydev/Webdev/Sites/edynos/public/index.php(53): Illuminate\Foundation\Http\Kernel->handle(Object(Illuminate\Http\Request))
#54 /Users/subydev/.composer/vendor/laravel/valet/server.php(133): require('/Users/subydev/...')
#55 {main}  
[2017-03-18 09:05:46] local.ERROR: PDOException: SQLSTATE[42701]: Duplicate column: 7 ERROR:  column "username" specified more than once in /Users/subydev/Webdev/Sites/edynos/vendor/laravel/framework/src/Illuminate/Database/Connection.php:480
Stack trace:
#0 /Users/subydev/Webdev/Sites/edynos/vendor/laravel/framework/src/Illuminate/Database/Connection.php(480): PDOStatement->execute()
#1 /Users/subydev/Webdev/Sites/edynos/vendor/laravel/framework/src/Illuminate/Database/Connection.php(763): Illuminate\Database\Connection->Illuminate\Database\{closure}(Object(Illuminate\Database\PostgresConnection), 'create table "u...', Array)
#2 /Users/subydev/Webdev/Sites/edynos/vendor/laravel/framework/src/Illuminate/Database/Connection.php(726): Illuminate\Database\Connection->runQueryCallback('create table "u...', Array, Object(Closure))
#3 /Users/subydev/Webdev/Sites/edynos/vendor/laravel/framework/src/Illuminate/Database/Connection.php(481): Illuminate\Database\Connection->run('create table "u...', Array, Object(Closure))
#4 /Users/subydev/Webdev/Sites/edynos/vendor/laravel/framework/src/Illuminate/Database/Schema/Blueprint.php(83): Illuminate\Database\Connection->statement('create table "u...')
#5 /Users/subydev/Webdev/Sites/edynos/vendor/laravel/framework/src/Illuminate/Database/Schema/Builder.php(229): Illuminate\Database\Schema\Blueprint->build(Object(Illuminate\Database\PostgresConnection), Object(Illuminate\Database\Schema\Grammars\PostgresGrammar))
#6 /Users/subydev/Webdev/Sites/edynos/vendor/laravel/framework/src/Illuminate/Database/Schema/Builder.php(148): Illuminate\Database\Schema\Builder->build(Object(Illuminate\Database\Schema\Blueprint))
#7 /Users/subydev/Webdev/Sites/edynos/vendor/laravel/framework/src/Illuminate/Support/Facades/Facade.php(237): Illuminate\Database\Schema\Builder->create('users', Object(Closure))
#8 /Users/subydev/Webdev/Sites/edynos/database/migrations/2014_10_12_000000_create_users_table.php(24): Illuminate\Support\Facades\Facade::__callStatic('create', Array)
#9 /Users/subydev/Webdev/Sites/edynos/vendor/laravel/framework/src/Illuminate/Database/Migrations/Migrator.php(373): CreateUsersTable->up()
#10 /Users/subydev/Webdev/Sites/edynos/vendor/laravel/framework/src/Illuminate/Database/Connection.php(570): Illuminate\Database\Migrations\Migrator->Illuminate\Database\Migrations\{closure}(Object(Illuminate\Database\PostgresConnection))
#11 /Users/subydev/Webdev/Sites/edynos/vendor/laravel/framework/src/Illuminate/Database/Migrations/Migrator.php(379): Illuminate\Database\Connection->transaction(Object(Closure))
#12 /Users/subydev/Webdev/Sites/edynos/vendor/laravel/framework/src/Illuminate/Database/Migrations/Migrator.php(162): Illuminate\Database\Migrations\Migrator->runMigration(Object(CreateUsersTable), 'up')
#13 /Users/subydev/Webdev/Sites/edynos/vendor/laravel/framework/src/Illuminate/Database/Migrations/Migrator.php(130): Illuminate\Database\Migrations\Migrator->runUp('2014_10_12_0000...', 1, false)
#14 /Users/subydev/Webdev/Sites/edynos/vendor/laravel/framework/src/Illuminate/Database/Migrations/Migrator.php(97): Illuminate\Database\Migrations\Migrator->runMigrationList(Array, Array)
#15 /Users/subydev/Webdev/Sites/edynos/vendor/laravel/framework/src/Illuminate/Database/Console/Migrations/MigrateCommand.php(65): Illuminate\Database\Migrations\Migrator->run(Array, Array)
#16 [internal function]: Illuminate\Database\Console\Migrations\MigrateCommand->fire()
#17 /Users/subydev/Webdev/Sites/edynos/vendor/laravel/framework/src/Illuminate/Container/Container.php(508): call_user_func_array(Array, Array)
#18 /Users/subydev/Webdev/Sites/edynos/vendor/laravel/framework/src/Illuminate/Console/Command.php(169): Illuminate\Container\Container->call(Array)
#19 /Users/subydev/Webdev/Sites/edynos/vendor/symfony/console/Command/Command.php(254): Illuminate\Console\Command->execute(Object(Symfony\Component\Console\Input\ArgvInput), Object(Symfony\Component\Console\Output\ConsoleOutput))
#20 /Users/subydev/Webdev/Sites/edynos/vendor/laravel/framework/src/Illuminate/Console/Command.php(155): Symfony\Component\Console\Command\Command->run(Object(Symfony\Component\Console\Input\ArgvInput), Object(Symfony\Component\Console\Output\ConsoleOutput))
#21 /Users/subydev/Webdev/Sites/edynos/vendor/symfony/console/Application.php(821): Illuminate\Console\Command->run(Object(Symfony\Component\Console\Input\ArgvInput), Object(Symfony\Component\Console\Output\ConsoleOutput))
#22 /Users/subydev/Webdev/Sites/edynos/vendor/symfony/console/Application.php(187): Symfony\Component\Console\Application->doRunCommand(Object(Illuminate\Database\Console\Migrations\MigrateCommand), Object(Symfony\Component\Console\Input\ArgvInput), Object(Symfony\Component\Console\Output\ConsoleOutput))
#23 /Users/subydev/Webdev/Sites/edynos/vendor/symfony/console/Application.php(118): Symfony\Component\Console\Application->doRun(Object(Symfony\Component\Console\Input\ArgvInput), Object(Symfony\Component\Console\Output\ConsoleOutput))
#24 /Users/subydev/Webdev/Sites/edynos/vendor/laravel/framework/src/Illuminate/Foundation/Console/Kernel.php(121): Symfony\Component\Console\Application->run(Object(Symfony\Component\Console\Input\ArgvInput), Object(Symfony\Component\Console\Output\ConsoleOutput))
#25 /Users/subydev/Webdev/Sites/edynos/artisan(35): Illuminate\Foundation\Console\Kernel->handle(Object(Symfony\Component\Console\Input\ArgvInput), Object(Symfony\Component\Console\Output\ConsoleOutput))
#26 {main}

Next Illuminate\Database\QueryException: SQLSTATE[42701]: Duplicate column: 7 ERROR:  column "username" specified more than once (SQL: create table "users" ("id" serial primary key not null, "username" varchar(255) not null, "email" varchar(255) not null, "username" varchar(255) not null, "password" varchar(255) not null, "remember_token" varchar(100) null, "created_at" timestamp(0) without time zone null, "updated_at" timestamp(0) without time zone null)) in /Users/subydev/Webdev/Sites/edynos/vendor/laravel/framework/src/Illuminate/Database/Connection.php:770
Stack trace:
#0 /Users/subydev/Webdev/Sites/edynos/vendor/laravel/framework/src/Illuminate/Database/Connection.php(726): Illuminate\Database\Connection->runQueryCallback('create table "u...', Array, Object(Closure))
#1 /Users/subydev/Webdev/Sites/edynos/vendor/laravel/framework/src/Illuminate/Database/Connection.php(481): Illuminate\Database\Connection->run('create table "u...', Array, Object(Closure))
#2 /Users/subydev/Webdev/Sites/edynos/vendor/laravel/framework/src/Illuminate/Database/Schema/Blueprint.php(83): Illuminate\Database\Connection->statement('create table "u...')
#3 /Users/subydev/Webdev/Sites/edynos/vendor/laravel/framework/src/Illuminate/Database/Schema/Builder.php(229): Illuminate\Database\Schema\Blueprint->build(Object(Illuminate\Database\PostgresConnection), Object(Illuminate\Database\Schema\Grammars\PostgresGrammar))
#4 /Users/subydev/Webdev/Sites/edynos/vendor/laravel/framework/src/Illuminate/Database/Schema/Builder.php(148): Illuminate\Database\Schema\Builder->build(Object(Illuminate\Database\Schema\Blueprint))
#5 /Users/subydev/Webdev/Sites/edynos/vendor/laravel/framework/src/Illuminate/Support/Facades/Facade.php(237): Illuminate\Database\Schema\Builder->create('users', Object(Closure))
#6 /Users/subydev/Webdev/Sites/edynos/database/migrations/2014_10_12_000000_create_users_table.php(24): Illuminate\Support\Facades\Facade::__callStatic('create', Array)
#7 /Users/subydev/Webdev/Sites/edynos/vendor/laravel/framework/src/Illuminate/Database/Migrations/Migrator.php(373): CreateUsersTable->up()
#8 /Users/subydev/Webdev/Sites/edynos/vendor/laravel/framework/src/Illuminate/Database/Connection.php(570): Illuminate\Database\Migrations\Migrator->Illuminate\Database\Migrations\{closure}(Object(Illuminate\Database\PostgresConnection))
#9 /Users/subydev/Webdev/Sites/edynos/vendor/laravel/framework/src/Illuminate/Database/Migrations/Migrator.php(379): Illuminate\Database\Connection->transaction(Object(Closure))
#10 /Users/subydev/Webdev/Sites/edynos/vendor/laravel/framework/src/Illuminate/Database/Migrations/Migrator.php(162): Illuminate\Database\Migrations\Migrator->runMigration(Object(CreateUsersTable), 'up')
#11 /Users/subydev/Webdev/Sites/edynos/vendor/laravel/framework/src/Illuminate/Database/Migrations/Migrator.php(130): Illuminate\Database\Migrations\Migrator->runUp('2014_10_12_0000...', 1, false)
#12 /Users/subydev/Webdev/Sites/edynos/vendor/laravel/framework/src/Illuminate/Database/Migrations/Migrator.php(97): Illuminate\Database\Migrations\Migrator->runMigrationList(Array, Array)
#13 /Users/subydev/Webdev/Sites/edynos/vendor/laravel/framework/src/Illuminate/Database/Console/Migrations/MigrateCommand.php(65): Illuminate\Database\Migrations\Migrator->run(Array, Array)
#14 [internal function]: Illuminate\Database\Console\Migrations\MigrateCommand->fire()
#15 /Users/subydev/Webdev/Sites/edynos/vendor/laravel/framework/src/Illuminate/Container/Container.php(508): call_user_func_array(Array, Array)
#16 /Users/subydev/Webdev/Sites/edynos/vendor/laravel/framework/src/Illuminate/Console/Command.php(169): Illuminate\Container\Container->call(Array)
#17 /Users/subydev/Webdev/Sites/edynos/vendor/symfony/console/Command/Command.php(254): Illuminate\Console\Command->execute(Object(Symfony\Component\Console\Input\ArgvInput), Object(Symfony\Component\Console\Output\ConsoleOutput))
#18 /Users/subydev/Webdev/Sites/edynos/vendor/laravel/framework/src/Illuminate/Console/Command.php(155): Symfony\Component\Console\Command\Command->run(Object(Symfony\Component\Console\Input\ArgvInput), Object(Symfony\Component\Console\Output\ConsoleOutput))
#19 /Users/subydev/Webdev/Sites/edynos/vendor/symfony/console/Application.php(821): Illuminate\Console\Command->run(Object(Symfony\Component\Console\Input\ArgvInput), Object(Symfony\Component\Console\Output\ConsoleOutput))
#20 /Users/subydev/Webdev/Sites/edynos/vendor/symfony/console/Application.php(187): Symfony\Component\Console\Application->doRunCommand(Object(Illuminate\Database\Console\Migrations\MigrateCommand), Object(Symfony\Component\Console\Input\ArgvInput), Object(Symfony\Component\Console\Output\ConsoleOutput))
#21 /Users/subydev/Webdev/Sites/edynos/vendor/symfony/console/Application.php(118): Symfony\Component\Console\Application->doRun(Object(Symfony\Component\Console\Input\ArgvInput), Object(Symfony\Component\Console\Output\ConsoleOutput))
#22 /Users/subydev/Webdev/Sites/edynos/vendor/laravel/framework/src/Illuminate/Foundation/Console/Kernel.php(121): Symfony\Component\Console\Application->run(Object(Symfony\Component\Console\Input\ArgvInput), Object(Symfony\Component\Console\Output\ConsoleOutput))
#23 /Users/subydev/Webdev/Sites/edynos/artisan(35): Illuminate\Foundation\Console\Kernel->handle(Object(Symfony\Component\Console\Input\ArgvInput), Object(Symfony\Component\Console\Output\ConsoleOutput))
#24 {main}  
